0000000000000000 T __code_start
0000000000000000 A __start__
0000000000000000 T _start
0000000000000000 b _TLS_MODULE_BASE_
0000000000000000 0000000000000004 b g_fsPriority
0000000000000004 0000000000000004 b fsdev_last_result
0000000000000008 0000000000000401 B __nx_dev_path_buf
0000000000000108 T __nx_exit
0000000000000118 T __nx_mod0
0000000000000140 0000000000000304 T main
0000000000000450 t __do_global_dtors_aux
00000000000004a0 t frame_dummy
00000000000004d0 0000000000000098 t procHandleReceiveThread
0000000000000570 000000000000008c t readSetting.constprop.0.isra.0
0000000000000600 000000000000002c T __libnx_initheap
0000000000000630 00000000000000a4 T __appInit
00000000000006e0 0000000000000010 T __wrap_exit
00000000000006f0 00000000000004bc T loadNro
0000000000000bac T nroEntrypointTrampoline
0000000000000bd4 T __libnx_exception_entry
0000000000000be4 t __libnx_exception_entry_fail
0000000000000bf0 00000000000003dc T randomGet
0000000000000fd0 0000000000000020 T randomGet64
0000000000000ff0 00000000000000b0 T __libnx_init_thread
00000000000010a0 000000000000029c T threadCreate
0000000000001340 00000000000000a0 T threadExit
00000000000013e0 0000000000000090 t _EntryWrap
0000000000001470 0000000000000008 T threadStart
0000000000001480 000000000000002c T threadWaitForExit
00000000000014b0 0000000000000098 T threadClose
0000000000001550 0000000000000068 t _pmshellCleanup
00000000000015c0 00000000000000a0 T pmshellInitialize
0000000000001660 0000000000000044 T pmshellExit
00000000000016b0 00000000000000e8 T pmshellGetApplicationProcessIdForShell
00000000000017a0 00000000000000b4 t _nsCleanup
0000000000001860 00000000000000f4 t _nsGetSession.isra.0
0000000000001960 000000000000028c T nsInitialize
0000000000001bf0 0000000000000044 T nsExit
0000000000001c40 000000000000005c T nsGetReadOnlyApplicationControlDataInterface
0000000000001ca0 0000000000000058 T nsGetApplicationManagerInterface
0000000000001d00 0000000000000218 T nsGetApplicationControlData
0000000000001f20 00000000000000d4 t _setsysGetFirmwareVersionImpl
0000000000002000 0000000000000068 t _setsysCleanup
0000000000002070 00000000000000a0 T setsysInitialize
0000000000002110 0000000000000044 T setsysExit
0000000000002160 0000000000000044 T setsysGetFirmwareVersion
00000000000021b0 0000000000000148 T setsysGetSettingsItemValueSize
0000000000002300 0000000000000174 T setsysGetSettingsItemValue
0000000000002480 00000000000001c8 t _fatalCmd
0000000000002650 000000000000000c T fatalThrowWithPolicy
0000000000002660 0000000000000014 T fatalThrow
0000000000002680 00000000000000b4 t _fsCleanup
0000000000002740 00000000000001b0 t _fsCmdNoIO
00000000000028f0 00000000000001d0 t _fsFsCmdWithInPath
0000000000002ac0 00000000000001f8 t _fsFsCmdWithTwoInPaths
0000000000002cc0 000000000000023c t _fsFsOpenCommon
0000000000002f00 00000000000001ec t _fsFsCmdWithInPathAndOutU64
00000000000030f0 00000000000000f4 t _fsObjectClose
00000000000031f0 000000000000017c t _fsCmdGetSession.constprop.0
0000000000003370 0000000000000304 T fsInitialize
0000000000003680 0000000000000008 T fsOpenSdCardFileSystem
0000000000003690 00000000000001e0 T fsFsCreateFile
0000000000003870 0000000000000008 T fsFsDeleteFile
0000000000003880 0000000000000008 T fsFsCreateDirectory
0000000000003890 0000000000000008 T fsFsDeleteDirectory
00000000000038a0 0000000000000008 T fsFsRenameFile
00000000000038b0 0000000000000008 T fsFsRenameDirectory
00000000000038c0 00000000000001e8 T fsFsGetEntryType
0000000000003ab0 0000000000000008 T fsFsOpenFile
0000000000003ac0 0000000000000008 T fsFsOpenDirectory
0000000000003ad0 0000000000000008 T fsFsGetFreeSpace
0000000000003ae0 0000000000000008 T fsFsGetTotalSpace
0000000000003af0 0000000000000230 T fsFsGetFileTimeStampRaw
0000000000003d20 0000000000000004 T fsFsClose
0000000000003d30 000000000000020c T fsFileRead
0000000000003f40 00000000000001fc T fsFileWrite
0000000000004140 0000000000000008 T fsFileFlush
0000000000004150 00000000000001b4 T fsFileSetSize
0000000000004150 00000000000001b4 t fsFileSetSize.localalias
0000000000004310 00000000000001c4 T fsFileGetSize
0000000000004310 00000000000001c4 t fsFileGetSize.localalias
00000000000044e0 0000000000000004 T fsFileClose
00000000000044f0 0000000000000004 T fsDirClose
0000000000004500 0000000000000200 T fsDirRead
0000000000004700 00000000000000d0 t _smCmifCmdInPid
00000000000047d0 0000000000000068 t _smCleanup
0000000000004840 0000000000000048 T smAddOverrideHandle
0000000000004890 0000000000000054 T smGetServiceOverride
00000000000048f0 00000000000001c0 T smInitialize
0000000000004ab0 0000000000000044 T smExit
0000000000004b00 00000000000000d0 T smGetServiceOriginal
0000000000004bd0 0000000000000120 T smGetServiceWrapper
0000000000004cf0 0000000000000014 T hosversionGet
0000000000004d10 0000000000000010 T hosversionSet
0000000000004d20 00000000000001f8 T envSetup
0000000000004f20 0000000000000020 T envGetMainThreadHandle
0000000000004f40 000000000000000c T envIsNso
0000000000004f50 0000000000000014 T envHasArgv
0000000000004f70 000000000000000c T envGetArgv
0000000000004f80 000000000000000c T envHasRandomSeed
0000000000004f90 0000000000000010 T envGetRandomSeed
0000000000004fa0 0000000000000004 W __libnx_alloc
0000000000004fb0 0000000000000014 W __libnx_aligned_alloc
0000000000004fd0 0000000000000004 W __libnx_free
0000000000004fe0 000000000000001c W diagAbortWithResult
0000000000005000 0000000000000014 t fsdev_link
0000000000005020 0000000000000014 t fsdev_dirreset
0000000000005040 0000000000000014 t fsdev_chmod
0000000000005060 0000000000000018 t error_cmp
0000000000005080 0000000000000020 t fsdev_dirclose
00000000000050a0 000000000000001c t fsdev_close
00000000000050c0 0000000000000080 t fsdev_converttimetoutc
0000000000005140 00000000000000c8 t fsdevFindDevice.part.0
0000000000005210 00000000000001ac t fsdev_fixpath
00000000000053c0 00000000000000a0 t _fsdevUnmountDeviceStruct.part.0
0000000000005460 0000000000000014 t fsdev_fchmod
0000000000005480 0000000000000108 t fsdev_diropen
0000000000005590 00000000000000fc t fsdev_statvfs
0000000000005690 000000000000007c t fsdev_fsync
0000000000005710 00000000000000f4 t fsdev_fstat
0000000000005810 000000000000008c t fsdev_ftruncate
00000000000058a0 00000000000001fc t fsdev_stat
0000000000005aa0 000000000000014c t fsdev_rename
0000000000005bf0 0000000000000140 t fsdev_chdir
0000000000005d30 00000000000000a4 t fsdev_mkdir
0000000000005de0 00000000000000a4 t fsdev_unlink
0000000000005e90 00000000000000a4 t fsdev_rmdir
0000000000005f40 000000000000013c t fsdev_write_safe
0000000000006080 000000000000013c t fsdev_read_safe
00000000000061c0 0000000000000104 t fsdev_read
00000000000062d0 00000000000001a0 t fsdev_dirnext
0000000000006470 000000000000011c t fsdev_write
0000000000006590 00000000000000f0 t fsdev_seek
0000000000006680 000000000000023c t fsdev_open
00000000000068c0 0000000000000214 T fsdevMountDevice
0000000000006ae0 0000000000000040 T fsdevMountSdmc
0000000000006b20 0000000000000064 T fsdevUnmountAll
0000000000006b90 000000000000012c T decode_utf8
0000000000006cbc T svcSetHeapSize
0000000000006cd0 T svcMapMemory
0000000000006cd8 T svcUnmapMemory
0000000000006ce0 T svcQueryMemory
0000000000006cf4 T svcExitProcess
0000000000006cfc T svcCreateThread
0000000000006d10 T svcStartThread
0000000000006d18 T svcExitThread
0000000000006d20 T svcSleepThread
0000000000006d28 T svcCloseHandle
0000000000006d30 T svcWaitSynchronization
0000000000006d44 T svcArbitrateLock
0000000000006d4c T svcArbitrateUnlock
0000000000006d54 T svcWaitProcessWideKeyAtomic
0000000000006d5c T svcSignalProcessWideKey
0000000000006d64 T svcConnectToNamedPort
0000000000006d78 T svcSendSyncRequest
0000000000006d80 T svcGetProcessId
0000000000006d94 T svcBreak
0000000000006d9c T svcReturnFromException
0000000000006da4 T svcGetInfo
0000000000006db8 T svcCreateSession
0000000000006dd0 T svcReplyAndReceive
0000000000006de4 T svcSetProcessMemoryPermission
0000000000006dec T svcMapProcessCodeMemory
0000000000006df4 T svcUnmapProcessCodeMemory
0000000000006dfc T __aarch64_read_tp
0000000000006e10 00000000000000f8 T waitHandles
0000000000006f10 0000000000000080 T mutexLock
0000000000006f90 0000000000000068 T mutexUnlock
0000000000007000 000000000000001c T mutexIsLockedByCurrentThread
0000000000007020 000000000000004c T rmutexLock
0000000000007070 000000000000001c T rmutexUnlock
0000000000007090 0000000000000064 t _memregionInitWithInfo
0000000000007100 0000000000000004 W __libnx_virtmem_rng
0000000000007110 000000000000016c t _memregionFindRandom
0000000000007280 0000000000000120 T virtmemSetup
00000000000073a0 000000000000000c T virtmemLock
00000000000073b0 000000000000000c T virtmemUnlock
00000000000073c0 0000000000000054 T virtmemFindStack
0000000000007420 0000000000000178 T sessionmgrCreate
00000000000075a0 0000000000000084 T sessionmgrClose
0000000000007630 00000000000000b4 T sessionmgrAttachClient
00000000000076f0 0000000000000070 T sessionmgrDetachClient
0000000000007760 0000000000000104 T timeToPosixTimeWithMyRule
0000000000007870 00000000000000a0 T __nx_dynamic
0000000000007910 000000000000002c W __libnx_init
0000000000007940 0000000000000034 T __syscall_getreent
0000000000007980 0000000000000004 T __syscall_lock_acquire
0000000000007990 0000000000000004 T __syscall_lock_release
00000000000079a0 0000000000000004 T __syscall_lock_acquire_recursive
00000000000079b0 0000000000000004 T __syscall_lock_release_recursive
00000000000079c0 0000000000000084 T newlibSetup
0000000000007a50 0000000000000308 W argvSetup
0000000000007d60 0000000000000064 T condvarWaitTimeout
0000000000007dd0 00000000000000c4 T nxlinkSetup
0000000000007ea0 000000000000002c T aligned_alloc
0000000000007ed0 00000000000000b8 T bsearch
0000000000007f90 0000000000000014 T __errno
0000000000007fb0 000000000000002c T gmtime
0000000000007fe0 00000000000002a0 T gmtime_r
0000000000008280 0000000000000094 T __libc_init_array
0000000000008320 0000000000000180 T _memalign_r
00000000000084a0 0000000000000024 T malloc
00000000000084d0 0000000000000024 T free
0000000000008500 0000000000000830 T _malloc_r
0000000000008d40 000000000000016c T memcpy
0000000000008ec0 00000000000001dc T memset
00000000000090a0 000000000000000c T __malloc_lock
00000000000090b0 000000000000000c T __malloc_unlock
00000000000090bc 00000000000000dc T strchr
00000000000091c0 00000000000000e4 T strcmp
00000000000092c0 0000000000000140 T strlen
0000000000009400 0000000000000078 T strncat
000000000000949c 00000000000001b8 T strncmp
0000000000009660 0000000000000090 T strncpy
0000000000009724 00000000000000e0 T strnlen
00000000000097e0 0000000000000198 t _strtoul_l.constprop.0
0000000000009980 0000000000000048 T strtoul
00000000000099d0 0000000000000024 T close
0000000000009a00 0000000000000088 T open
0000000000009a90 0000000000000040 T read
0000000000009ad0 0000000000000124 T _malloc_trim_r
0000000000009c00 00000000000002d8 T _free_r
0000000000009ee0 0000000000000008 t null_write
0000000000009ef0 0000000000000018 T setDefaultDevice
0000000000009f10 00000000000000f8 T FindDevice
000000000000a010 0000000000000034 T RemoveDevice
000000000000a050 00000000000000c8 T AddDevice
000000000000a120 0000000000000034 T GetDeviceOpTab
000000000000a160 00000000000000a8 T _close_r
000000000000a210 00000000000000ec T _open_r
000000000000a300 00000000000000a4 T _read_r
000000000000a3b0 0000000000000078 T _sbrk_r
000000000000a430 0000000000000014 T __libc_lock_acquire
000000000000a450 0000000000000014 T __libc_lock_release
000000000000a470 0000000000000014 T __libc_lock_acquire_recursive
000000000000a490 0000000000000014 T __libc_lock_release_recursive
000000000000a4b0 0000000000000040 T __free_handle
000000000000a4f0 0000000000000058 T __release_handle
000000000000a550 00000000000000c8 T __alloc_handle
000000000000a620 0000000000000020 T __get_handle
000000000000a640 0000000000000020 T __getreent
000000000000a660 T _init
000000000000a698 T _fini
000000000000b000 R __rodata_start
000000000000b090 0000000000000055 R g_noticeText
000000000000b160 0000000000000020 r error_table
000000000000b190 0000000000000101 R _ctype_
000000000000b2b0 r __EH_FRAME_BEGIN__
000000000000b2b0 R __eh_frame_hdr_end
000000000000b2b0 R __eh_frame_hdr_start
000000000000d744 r __FRAME_END__
000000000000d748 a _DYNAMIC
0000000000010000 R __data_start
0000000000010000 t __frame_dummy_init_array_entry
0000000000010000 T __init_array_start
0000000000010000 B __preinit_array_end
0000000000010000 B __preinit_array_start
0000000000010000 D __tdata_lma
0000000000010000 D __tdata_lma_end
0000000000010008 t __do_global_dtors_aux_fini_array_entry
0000000000010008 T __fini_array_start
0000000000010008 T __init_array_end
0000000000010010 T __fini_array_end
0000000000010010 T __got_start__
0000000000010010 a _GLOBAL_OFFSET_TABLE_
0000000000010168 D __got_end__
0000000000010168 0000000000000004 D __nx_fsdev_direntry_cache_size
000000000001016c 0000000000000004 D __nx_fs_num_sessions
0000000000010170 0000000000000120 d entries.0
0000000000010290 0000000000000030 d servarray.0
00000000000102c0 00000000000000e0 d fsdev_devoptab
00000000000103a0 0000000000000004 V __nx_applet_type
00000000000103a8 0000000000000008 D _impure_ptr
00000000000103b0 0000000000000768 d impure_data
0000000000010b18 0000000000000008 D __malloc_sbrk_base
0000000000010b20 0000000000000008 D __malloc_trim_threshold
0000000000010b28 0000000000000810 D __malloc_av_
0000000000011338 0000000000000080 D devoptab_list
00000000000113b8 00000000000000e0 D dotab_stdnull
0000000000011498 0000000000000004 d defaultDevice
00000000000114a0 0000000000002000 d handles
00000000000134a0 0000000000000010 d __stderr_handle
00000000000134b0 0000000000000010 d __stdout_handle
00000000000134c0 0000000000000010 d __stdin_handle
00000000000134d0 D __bss_start__
00000000000134d0 b completed.1
00000000000134d8 b object.0
0000000000013510 0000000000000004 b g_procHandle
0000000000013518 0000000000000008 b g_appletHeapSize
0000000000013520 0000000000000008 b g_appletHeapReservationSize
0000000000013528 0000000000000001 b g_smCloseWorkaround
0000000000013530 0000000000000100 b g_savedTls
0000000000013630 0000000000000008 b g_heapAddr
0000000000013638 0000000000000008 b g_nroSize
0000000000013640 0000000000000070 b g_nroHeader
00000000000136b0 0000000000000008 B g_nroAddr
00000000000136c0 0000000000000200 b g_nextNroPath
00000000000138c0 0000000000000800 b g_nextArgv
00000000000140c0 0000000000000800 b g_argv
00000000000148c0 0000000000000008 b g_heapSize
00000000000148c8 0000000000000001 b g_isApplication
00000000000148cc 0000000000000004 B g_lastRet
00000000000148d0 0000000000000001 b g_isAutomaticGameplayRecording
00000000000148e0 0000000000004000 b g_innerheap.1
00000000000188e0 0000000000000001 B __nx_fsdev_support_cwd
00000000000188f0 0000000000000010 b g_userIdStorage
0000000000018900 0000000000024000 b g_applicationControlData
000000000003c900 0000000000000004 b g_randMutex
000000000003c904 0000000000000001 b g_randInit
000000000003c910 0000000000000040 b g_chacha
000000000003c950 00000000000000d8 b g_tlsDestructors
000000000003ca28 0000000000000008 b g_tlsUsageMask
000000000003ca30 0000000000000038 b g_mainThread
000000000003ca68 0000000000000008 b g_threadList
000000000003ca70 0000000000000004 b g_threadMutex
000000000003ca78 0000000000000008 b g_pmshellGuard
000000000003ca80 0000000000000010 b g_pmshellSrv
000000000003ca90 0000000000000008 b g_nsGuard
000000000003ca98 0000000000000010 b g_nsGetterSrv
000000000003caa8 0000000000000010 b g_nsAppManSrv
000000000003cab8 0000000000000008 b g_setsysGuard
000000000003cac0 0000000000000010 b g_setsysSrv
000000000003cad0 0000000000000008 b g_fsGuard
000000000003cae0 0000000000000054 b g_fsSessionMgr
000000000003cb38 0000000000000010 b g_fsSrv
000000000003cb48 0000000000000008 b g_smGuard
000000000003cb50 0000000000000008 b g_smOverridesNum
000000000003cb58 0000000000000180 b g_smOverrides
000000000003ccd8 0000000000000010 b g_smSrv
000000000003cce8 0000000000000004 b g_hosVersion
000000000003ccf0 0000000000000008 b g_userIdStorage
000000000003cd00 0000000000000010 b g_randomSeed
000000000003cd10 0000000000000001 b g_hasRandomSeed
000000000003cd14 0000000000000004 b g_lastLoadResult
000000000003cd18 0000000000000008 b g_nextLoadArgv
000000000003cd20 0000000000000008 b g_nextLoadPath
000000000003cd28 0000000000000004 b g_processHandle
000000000003cd30 0000000000000010 b g_syscallHints
000000000003cd40 0000000000000008 b g_overrideArgv
000000000003cd48 0000000000000008 b g_overrideHeapSize
000000000003cd50 0000000000000008 b g_overrideHeapAddr
000000000003cd58 0000000000000008 b g_loaderRetAddr
000000000003cd60 0000000000000004 b g_mainThreadHandle
000000000003cd68 0000000000000008 b g_loaderInfoSize
000000000003cd70 0000000000000008 b g_loaderInfo
000000000003cd78 0000000000000001 b g_isNso
000000000003cd80 0000000000002400 b fsdev_fsdevices
000000000003f180 0000000000000004 b fsdev_fsdevice_cwd
000000000003f184 0000000000000001 b fsdev_initialised
000000000003f188 B __stack_top
000000000003f190 0000000000000001 b g_IsLegacyKernel
000000000003f198 0000000000000008 b g_Reservations
000000000003f1a0 0000000000000010 b g_StackRegion
000000000003f1b0 0000000000000010 b g_AslrRegion
000000000003f1c0 0000000000000010 b g_HeapRegion
000000000003f1d0 0000000000000010 b g_AliasRegion
000000000003f1e0 0000000000000004 b g_VirtmemMutex
000000000003f1e8 0000000000000010 b g_timeTimeZoneService
000000000003f1f8 0000000000000008 b g_argv_empty
000000000003f200 0000000000000008 B __system_argv
000000000003f208 0000000000000004 B __system_argc
000000000003f210 0000000000000004 B __nxlink_host
000000000003f218 0000000000000028 B __malloc_current_mallinfo
000000000003f240 0000000000000008 B __malloc_max_total_mem
000000000003f248 0000000000000008 B __malloc_max_sbrked_mem
000000000003f250 0000000000000008 B __malloc_top_pad
000000000003f258 000000000000000c b __malloc_recursive_mutex
000000000003f268 0000000000000008 b heap_start.0
000000000003f270 0000000000000008 B fake_heap_start
000000000003f278 0000000000000008 B fake_heap_end
000000000003f280 0000000000000004 b __hndl_lock
000000000003f288 B __tls_start
000000000003f698 B __bss_end__
000000000003f698 A __end__
000000000003f698 B __tls_end
0000000000040000 A __argdata__
